<?xml version="1.0" encoding="UTF-8"?>
<testsuite name="TestStringTemplates" tests="3" skipped="0" failures="0" errors="0" timestamp="2024-11-15T13:24:03" hostname="Andreis-MacBook-Pro.local" time="0.007">
  <properties/>
  <testcase name="match1" classname="TestStringTemplates" time="0.005"/>
  <testcase name="match" classname="TestStringTemplates" time="0.0"/>
  <testcase name="doNotMatch" classname="TestStringTemplates" time="0.001"/>
  <system-out><![CDATA[]]></system-out>
  <system-err><![CDATA[]]></system-err>
</testsuite>
